Using pre-set license
Built from '2022.3/staging' branch; Version is '2022.3.11f1 (d00248457e15) revision 13632072'; Using compiler version '192829333'; Build Type 'Release'
OS: 'Windows 10  (10.0.19045) 64bit Education' Language: 'en' Physical Memory: 16105 MB
BatchMode: 1, IsHumanControllingUs: 0, StartBugReporterOnCrash: 0, Is64bit: 1, IsPro: 1

COMMAND LINE ARGUMENTS:
C:\Program Files\Unity 2022.3.11f1\Editor\Unity.exe
-adb2
-batchMode
-noUpm
-name
AssetImportWorker2
-projectPath
C:/Users/s821373/Documents/GitHub/AccualCamoing/AccualCamping
-logFile
Logs/AssetImportWorker2.log
-srvPort
50959
Successfully changed project path to: C:/Users/s821373/Documents/GitHub/AccualCamoing/AccualCamping
C:/Users/s821373/Documents/GitHub/AccualCamoing/AccualCamping
[UnityMemory] Configuration Parameters - Can be set up in boot.config
    "memorysetup-bucket-allocator-granularity=16"
    "memorysetup-bucket-allocator-bucket-count=8"
    "memorysetup-bucket-allocator-block-size=33554432"
    "memorysetup-bucket-allocator-block-count=8"
    "memorysetup-main-allocator-block-size=16777216"
    "memorysetup-thread-allocator-block-size=16777216"
    "memorysetup-gfx-main-allocator-block-size=16777216"
    "memorysetup-gfx-thread-allocator-block-size=16777216"
    "memorysetup-cache-allocator-block-size=4194304"
    "memorysetup-typetree-allocator-block-size=2097152"
    "memorysetup-profiler-bucket-allocator-granularity=16"
    "memorysetup-profiler-bucket-allocator-bucket-count=8"
    "memorysetup-profiler-bucket-allocator-block-size=33554432"
    "memorysetup-profiler-bucket-allocator-block-count=8"
    "memorysetup-profiler-allocator-block-size=16777216"
    "memorysetup-profiler-editor-allocator-block-size=1048576"
    "memorysetup-temp-allocator-size-main=16777216"
    "memorysetup-job-temp-allocator-block-size=2097152"
    "memorysetup-job-temp-allocator-block-size-background=1048576"
    "memorysetup-job-temp-allocator-reduction-small-platforms=262144"
    "memorysetup-allocator-temp-initial-block-size-main=262144"
    "memorysetup-allocator-temp-initial-block-size-worker=262144"
    "memorysetup-temp-allocator-size-background-worker=32768"
    "memorysetup-temp-allocator-size-job-worker=262144"
    "memorysetup-temp-allocator-size-preload-manager=33554432"
    "memorysetup-temp-allocator-size-nav-mesh-worker=65536"
    "memorysetup-temp-allocator-size-audio-worker=65536"
    "memorysetup-temp-allocator-size-cloud-worker=32768"
    "memorysetup-temp-allocator-size-gi-baking-worker=262144"
    "memorysetup-temp-allocator-size-gfx=262144"
Player connection [3256] Host "[IP] 10.122.122.245 [Port] 0 [Flags] 2 [Guid] 987435248 [EditorId] 987435248 [Version] 1048832 [Id] WindowsEditor(7,684S2008-B31608) [Debug] 1 [PackageName] WindowsEditor [ProjectName] Editor" joined multi-casting on [225.0.0.222:54997]...

Player connection [3256] Host "[IP] 10.122.122.245 [Port] 0 [Flags] 2 [Guid] 987435248 [EditorId] 987435248 [Version] 1048832 [Id] WindowsEditor(7,684S2008-B31608) [Debug] 1 [PackageName] WindowsEditor [ProjectName] Editor" joined alternative multi-casting on [225.0.0.222:34997]...

[Physics::Module] Initialized MultithreadedJobDispatcher with 15 workers.
Refreshing native plugins compatible for Editor in 10.99 ms, found 3 plugins.
Preloading 0 native plugins for Editor in 0.00 ms.
Initialize engine version: 2022.3.11f1 (d00248457e15)
[Subsystems] Discovering subsystems at path C:/Program Files/Unity 2022.3.11f1/Editor/Data/Resources/UnitySubsystems
[Subsystems] Discovering subsystems at path C:/Users/s821373/Documents/GitHub/AccualCamoing/AccualCamping/Assets
GfxDevice: creating device client; threaded=0; jobified=0
Direct3D:
    Version:  Direct3D 11.0 [level 11.1]
    Renderer: NVIDIA Quadro P2200 (ID=0x1c31)
    Vendor:   NVIDIA
    VRAM:     5022 MB
    Driver:   31.0.15.3770
Initialize mono
Mono path[0] = 'C:/Program Files/Unity 2022.3.11f1/Editor/Data/Managed'
Mono path[1] = 'C:/Program Files/Unity 2022.3.11f1/Editor/Data/MonoBleedingEdge/lib/mono/unityjit-win32'
Mono config path = 'C:/Program Files/Unity 2022.3.11f1/Editor/Data/MonoBleedingEdge/etc'
Using monoOptions --debugger-agent=transport=dt_socket,embedding=1,server=y,suspend=n,address=127.0.0.1:56888
Begin MonoManager ReloadAssembly
Registering precompiled unity dll's ...
Register platform support module: C:/Program Files/Unity 2022.3.11f1/Editor/Data/PlaybackEngines/WindowsStandaloneSupport/UnityEditor.WindowsStandalone.Extensions.dll
Registered in 0.005793 seconds.
- Loaded All Assemblies, in  0.331 seconds
Native extension for WindowsStandalone target not found
Mono: successfully reloaded assembly
- Finished resetting the current domain, in  0.214 seconds
Domain Reload Profiling: 544ms
	BeginReloadAssembly (120ms)
		ExecutionOrderSort (0ms)
		DisableScriptedObjects (0ms)
		BackupInstance (0ms)
		ReleaseScriptingObjects (0ms)
		CreateAndSetChildDomain (1ms)
	RebuildCommonClasses (29ms)
	RebuildNativeTypeToScriptingClass (9ms)
	initialDomainReloadingComplete (49ms)
	LoadAllAssembliesAndSetupDomain (122ms)
		LoadAssemblies (118ms)
		RebuildTransferFunctionScriptingTraits (0ms)
		AnalyzeDomain (120ms)
			TypeCache.Refresh (119ms)
				TypeCache.ScanAssembly (107ms)
			ScanForSourceGeneratedMonoScriptInfo (0ms)
			ResolveRequiredComponents (0ms)
	FinalizeReload (214ms)
		ReleaseScriptCaches (0ms)
		RebuildScriptCaches (0ms)
		SetupLoadedEditorAssemblies (164ms)
			LogAssemblyErrors (0ms)
			InitializePlatformSupportModulesInManaged (7ms)
			SetLoadedEditorAssemblies (7ms)
			RefreshPlugins (0ms)
			BeforeProcessingInitializeOnLoad (2ms)
			ProcessInitializeOnLoadAttributes (108ms)
			ProcessInitializeOnLoadMethodAttributes (41ms)
			AfterProcessingInitializeOnLoad (0ms)
			EditorAssembliesLoaded (0ms)
		ExecutionOrderSort2 (0ms)
		AwakeInstancesAfterBackupRestoration (0ms)
========================================================================
Worker process is ready to serve import requests
Begin MonoManager ReloadAssembly
- Loaded All Assemblies, in  0.583 seconds
Refreshing native plugins compatible for Editor in 4.70 ms, found 3 plugins.
Native extension for WindowsStandalone target not found
Package Manager log level set to [2]
[Package Manager] Server::EnsureServerProcessIsRunning -- launch failed, reason: Unity was launched with the -noUpm command-line argument
[Package Manager] UpmClient::Send -- Unable to send message (not connected to UPM process).
[Package Manager] Cannot connect to Unity Package Manager local server
Mono: successfully reloaded assembly
- Finished resetting the current domain, in  0.508 seconds
Domain Reload Profiling: 1089ms
	BeginReloadAssembly (146ms)
		ExecutionOrderSort (0ms)
		DisableScriptedObjects (5ms)
		BackupInstance (0ms)
		ReleaseScriptingObjects (0ms)
		CreateAndSetChildDomain (19ms)
	RebuildCommonClasses (29ms)
	RebuildNativeTypeToScriptingClass (8ms)
	initialDomainReloadingComplete (38ms)
	LoadAllAssembliesAndSetupDomain (361ms)
		LoadAssemblies (295ms)
		RebuildTransferFunctionScriptingTraits (0ms)
		AnalyzeDomain (153ms)
			TypeCache.Refresh (137ms)
				TypeCache.ScanAssembly (121ms)
			ScanForSourceGeneratedMonoScriptInfo (11ms)
			ResolveRequiredComponents (3ms)
	FinalizeReload (509ms)
		ReleaseScriptCaches (0ms)
		RebuildScriptCaches (0ms)
		SetupLoadedEditorAssemblies (379ms)
			LogAssemblyErrors (0ms)
			InitializePlatformSupportModulesInManaged (7ms)
			SetLoadedEditorAssemblies (4ms)
			RefreshPlugins (0ms)
			BeforeProcessingInitializeOnLoad (53ms)
			ProcessInitializeOnLoadAttributes (292ms)
			ProcessInitializeOnLoadMethodAttributes (19ms)
			AfterProcessingInitializeOnLoad (6ms)
			EditorAssembliesLoaded (0ms)
		ExecutionOrderSort2 (0ms)
		AwakeInstancesAfterBackupRestoration (6ms)
Launched and connected shader compiler UnityShaderCompiler.exe after 0.07 seconds
Refreshing native plugins compatible for Editor in 4.84 ms, found 3 plugins.
Preloading 0 native plugins for Editor in 0.00 ms.
Unloading 3110 Unused Serialized files (Serialized files now loaded: 0)
Unloading 32 unused Assets / (57.7 KB). Loaded Objects now: 3592.
Memory consumption went from 158.6 MB to 158.6 MB.
Total: 2.538000 ms (FindLiveObjects: 0.257200 ms CreateObjectMapping: 0.179400 ms MarkObjects: 1.990200 ms  DeleteObjects: 0.110100 ms)

AssetImportParameters requested are different than current active one (requested -> active):
  custom:container-demuxer-ogg: 62fdf1f143b41e24485cea50d1cbac27 -> 
  custom:video-decoder-ogg-theora: a1e56fd34408186e4bbccfd4996cb3dc -> 
  custom:framework-win-MediaFoundation: 216162199b28c13a410421893ffa2e32 -> 
  custom:container-demuxer-webm: 4f35f7cbe854078d1ac9338744f61a02 -> 
  custom:container-muxer-webm: aa71ff27fc2769a1b78a27578f13a17b -> 
  custom:video-decoder-webm-vp8: 9c59270c3fd7afecdb556c50c9e8de78 -> 
  custom:AudioImporter_EditorPlatform: d09bf68614088b80899f8185d706f6e7 -> 
  custom:video-encoder-webm-vp8: eb34c28f22e8b96e1ab97ce403110664 -> 
  custom:audio-decoder-ogg-vorbis: bf7c407c2cedff20999df2af8eb42d56 -> 
  custom:audio-encoder-webm-vorbis: bf7c407c2cedff20999df2af8eb42d56 -> 
========================================================================
Received Import Request.
  Time since last request: 17469.613646 seconds.
  path: Assets/Polygon-Lite Survival Collection/Models/SM_Muzzle_Brake_Compensator_01.fbx
  artifactKey: Guid(3dc1c43c6efc435428abe80349244466) Importer(815301076,1909f56bfc062723c751e8b465ee728b)
Start importing Assets/Polygon-Lite Survival Collection/Models/SM_Muzzle_Brake_Compensator_01.fbx using Guid(3dc1c43c6efc435428abe80349244466) Importer(815301076,1909f56bfc062723c751e8b465ee728b)  -> (artifact id: '08c24e1c92e9c78ed5dea7d9185cde76') in 0.125393 seconds
Number of updated asset objects reloaded before import = 0
Number of asset objects unloaded after import = 7
========================================================================
Received Import Request.
  Time since last request: 0.000033 seconds.
  path: Assets/Polygon-Lite Survival Collection/Models/SM_Tactical_Block.fbx
  artifactKey: Guid(f9a7df9a690a1bc4e90e9786a384bfeb) Importer(815301076,1909f56bfc062723c751e8b465ee728b)
Start importing Assets/Polygon-Lite Survival Collection/Models/SM_Tactical_Block.fbx using Guid(f9a7df9a690a1bc4e90e9786a384bfeb) Importer(815301076,1909f56bfc062723c751e8b465ee728b)  -> (artifact id: '5a22710895e5b48b03c5a16dd5a4d29a') in 0.014564 seconds
Number of updated asset objects reloaded before import = 0
Number of asset objects unloaded after import = 7
========================================================================
Received Import Request.
  Time since last request: 0.000017 seconds.
  path: Assets/Polygon-Lite Survival Collection/Models/SM_Magazine_For_Special_Submachine_Gun.fbx
  artifactKey: Guid(44a85a5c9c57e7c4c9bf6f7d4f71de5e) Importer(815301076,1909f56bfc062723c751e8b465ee728b)
Start importing Assets/Polygon-Lite Survival Collection/Models/SM_Magazine_For_Special_Submachine_Gun.fbx using Guid(44a85a5c9c57e7c4c9bf6f7d4f71de5e) Importer(815301076,1909f56bfc062723c751e8b465ee728b)  -> (artifact id: '5b360049e4f949e602d99707035b7b1c') in 0.015730 seconds
Number of updated asset objects reloaded before import = 0
Number of asset objects unloaded after import = 7
========================================================================
Received Import Request.
  Time since last request: 0.000017 seconds.
  path: Assets/Polygon-Lite Survival Collection/Models/SM_HOOK_FOR_Fishing_Rod_02.fbx
  artifactKey: Guid(ff5607038b4f5e5448b74feeef946c57) Importer(815301076,1909f56bfc062723c751e8b465ee728b)
Start importing Assets/Polygon-Lite Survival Collection/Models/SM_HOOK_FOR_Fishing_Rod_02.fbx using Guid(ff5607038b4f5e5448b74feeef946c57) Importer(815301076,1909f56bfc062723c751e8b465ee728b)  -> (artifact id: 'd34e9a8afe64e5bcf679f1ee492e8788') in 0.028598 seconds
Number of updated asset objects reloaded before import = 0
Number of asset objects unloaded after import = 44
========================================================================
Received Import Request.
  Time since last request: 0.000016 seconds.
  path: Assets/Polygon-Lite Survival Collection/Models/SM_Camping_Knife.fbx
  artifactKey: Guid(04bada0946472ac4f9a2b0e9d6da6dcc) Importer(815301076,1909f56bfc062723c751e8b465ee728b)
Start importing Assets/Polygon-Lite Survival Collection/Models/SM_Camping_Knife.fbx using Guid(04bada0946472ac4f9a2b0e9d6da6dcc) Importer(815301076,1909f56bfc062723c751e8b465ee728b)  -> (artifact id: 'bfb029b7e82942db04fab6f24c376961') in 0.011409 seconds
Number of updated asset objects reloaded before import = 0
Number of asset objects unloaded after import = 7
========================================================================
Received Import Request.
  Time since last request: 0.000021 seconds.
  path: Assets/Polygon-Lite Survival Collection/Models/SM_Vertical_Handle_01.fbx
  artifactKey: Guid(51b42342764a8ba418185d66d603b6aa) Importer(815301076,1909f56bfc062723c751e8b465ee728b)
Start importing Assets/Polygon-Lite Survival Collection/Models/SM_Vertical_Handle_01.fbx using Guid(51b42342764a8ba418185d66d603b6aa) Importer(815301076,1909f56bfc062723c751e8b465ee728b)  -> (artifact id: '081f03246ab25d8518263317c51b33e6') in 0.012000 seconds
Number of updated asset objects reloaded before import = 0
Number of asset objects unloaded after import = 7
========================================================================
Received Import Request.
  Time since last request: 0.000031 seconds.
  path: Assets/Polygon-Lite Survival Collection/Models/Meat_02.fbx
  artifactKey: Guid(b0d616cdeed04b140a3fbb3063f5beea) Importer(815301076,1909f56bfc062723c751e8b465ee728b)
Start importing Assets/Polygon-Lite Survival Collection/Models/Meat_02.fbx using Guid(b0d616cdeed04b140a3fbb3063f5beea) Importer(815301076,1909f56bfc062723c751e8b465ee728b)  -> (artifact id: '202e199e76ee3e938cafd04b130a9559') in 0.011859 seconds
Number of updated asset objects reloaded before import = 0
Number of asset objects unloaded after import = 7
========================================================================
Received Import Request.
  Time since last request: 0.000017 seconds.
  path: Assets/Polygon-Lite Survival Collection/Models/Meat_03.fbx
  artifactKey: Guid(2e60549f5f9a890408480516a8fda91d) Importer(815301076,1909f56bfc062723c751e8b465ee728b)
Start importing Assets/Polygon-Lite Survival Collection/Models/Meat_03.fbx using Guid(2e60549f5f9a890408480516a8fda91d) Importer(815301076,1909f56bfc062723c751e8b465ee728b)  -> (artifact id: 'c6a4616a35c70491d36698de39b76e24') in 0.013208 seconds
Number of updated asset objects reloaded before import = 0
Number of asset objects unloaded after import = 7
========================================================================
Received Import Request.
  Time since last request: 0.000018 seconds.
  path: Assets/Polygon-Lite Survival Collection/Models/SM_Camping_Axe.fbx
  artifactKey: Guid(829b122512a90914986a375d72271b29) Importer(815301076,1909f56bfc062723c751e8b465ee728b)
Start importing Assets/Polygon-Lite Survival Collection/Models/SM_Camping_Axe.fbx using Guid(829b122512a90914986a375d72271b29) Importer(815301076,1909f56bfc062723c751e8b465ee728b)  -> (artifact id: 'b441ebd48ed19391b6fc6b8b7963c2d6') in 0.013536 seconds
Number of updated asset objects reloaded before import = 0
Number of asset objects unloaded after import = 7
========================================================================
Received Import Request.
  Time since last request: 0.000016 seconds.
  path: Assets/Polygon-Lite Survival Collection/Models/SM_Magazine_For_Special_Submachine_Gun_Empty.fbx
  artifactKey: Guid(d3135b9e66d44344da8e767529d81e84) Importer(815301076,1909f56bfc062723c751e8b465ee728b)
Start importing Assets/Polygon-Lite Survival Collection/Models/SM_Magazine_For_Special_Submachine_Gun_Empty.fbx using Guid(d3135b9e66d44344da8e767529d81e84) Importer(815301076,1909f56bfc062723c751e8b465ee728b)  -> (artifact id: 'ce96ba6d9d966371a6681ae33e20b01c') in 0.010783 seconds
Number of updated asset objects reloaded before import = 0
Number of asset objects unloaded after import = 7
========================================================================
Received Import Request.
  Time since last request: 0.000030 seconds.
  path: Assets/Polygon-Lite Survival Collection/Models/SM_Handguard_For_Submachine_Gun_01.fbx
  artifactKey: Guid(0e80d84d1c2989c49ba3263d9a827506) Importer(815301076,1909f56bfc062723c751e8b465ee728b)
Start importing Assets/Polygon-Lite Survival Collection/Models/SM_Handguard_For_Submachine_Gun_01.fbx using Guid(0e80d84d1c2989c49ba3263d9a827506) Importer(815301076,1909f56bfc062723c751e8b465ee728b)  -> (artifact id: '4f2bc2915e7da6b55265182bb27712c9') in 0.014097 seconds
Number of updated asset objects reloaded before import = 0
Number of asset objects unloaded after import = 7
========================================================================
Received Import Request.
  Time since last request: 0.000022 seconds.
  path: Assets/Polygon-Lite Survival Collection/Models/SM_Army_Pistol.fbx
  artifactKey: Guid(1cc03cbb51606e04faa898feb8fab8e3) Importer(815301076,1909f56bfc062723c751e8b465ee728b)
Start importing Assets/Polygon-Lite Survival Collection/Models/SM_Army_Pistol.fbx using Guid(1cc03cbb51606e04faa898feb8fab8e3) Importer(815301076,1909f56bfc062723c751e8b465ee728b)  -> (artifact id: '411053008afb71e858d402e2214a024e') in 0.035086 seconds
Number of updated asset objects reloaded before import = 0
Number of asset objects unloaded after import = 22
========================================================================
Received Import Request.
  Time since last request: 0.000021 seconds.
  path: Assets/Polygon-Lite Survival Collection/Models/Tent_A_01.fbx
  artifactKey: Guid(6724caf277831854fa8c7e4bcd500aa1) Importer(815301076,1909f56bfc062723c751e8b465ee728b)
Start importing Assets/Polygon-Lite Survival Collection/Models/Tent_A_01.fbx using Guid(6724caf277831854fa8c7e4bcd500aa1) Importer(815301076,1909f56bfc062723c751e8b465ee728b)  -> (artifact id: 'c84bab33c8a7bd69e251e6c35fa76a7b') in 0.014490 seconds
Number of updated asset objects reloaded before import = 0
Number of asset objects unloaded after import = 7
========================================================================
Received Import Request.
  Time since last request: 0.000041 seconds.
  path: Assets/Polygon-Lite Survival Collection/Models/SM_Pallet_03.fbx
  artifactKey: Guid(a4e716dc033017f4b8f3fe9be3dd65cc) Importer(815301076,1909f56bfc062723c751e8b465ee728b)
Start importing Assets/Polygon-Lite Survival Collection/Models/SM_Pallet_03.fbx using Guid(a4e716dc033017f4b8f3fe9be3dd65cc) Importer(815301076,1909f56bfc062723c751e8b465ee728b)  -> (artifact id: '4b51e45848255498fdd0fc56c54c7d51') in 0.014074 seconds
Number of updated asset objects reloaded before import = 0
Number of asset objects unloaded after import = 7
========================================================================
Received Import Request.
  Time since last request: 0.000045 seconds.
  path: Assets/Polygon-Lite Survival Collection/Models/SM_THE_CLOTH.fbx
  artifactKey: Guid(a36adfa80e417e0419dd2259bdbf0b0a) Importer(815301076,1909f56bfc062723c751e8b465ee728b)
Start importing Assets/Polygon-Lite Survival Collection/Models/SM_THE_CLOTH.fbx using Guid(a36adfa80e417e0419dd2259bdbf0b0a) Importer(815301076,1909f56bfc062723c751e8b465ee728b)  -> (artifact id: '5ef11db9b642c982b018aa6911d2a22b') in 0.014639 seconds
Number of updated asset objects reloaded before import = 0
Number of asset objects unloaded after import = 7
========================================================================
Received Import Request.
  Time since last request: 0.000023 seconds.
  path: Assets/Polygon-Lite Survival Collection/Models/Bonfire_01.fbx
  artifactKey: Guid(c498a631fed69f64ea4bf26cf636f1d1) Importer(815301076,1909f56bfc062723c751e8b465ee728b)
Start importing Assets/Polygon-Lite Survival Collection/Models/Bonfire_01.fbx using Guid(c498a631fed69f64ea4bf26cf636f1d1) Importer(815301076,1909f56bfc062723c751e8b465ee728b)  -> (artifact id: 'd524738794e9983c911551369c69f38b') in 0.013695 seconds
Number of updated asset objects reloaded before import = 0
Number of asset objects unloaded after import = 7
========================================================================
Received Import Request.
  Time since last request: 0.000020 seconds.
  path: Assets/Polygon-Lite Survival Collection/Models/SM_Large_Magazine_For_Army_Pistol.fbx
  artifactKey: Guid(ae0baeda56766ad408a1ebf8e3f8639b) Importer(815301076,1909f56bfc062723c751e8b465ee728b)
Start importing Assets/Polygon-Lite Survival Collection/Models/SM_Large_Magazine_For_Army_Pistol.fbx using Guid(ae0baeda56766ad408a1ebf8e3f8639b) Importer(815301076,1909f56bfc062723c751e8b465ee728b)  -> (artifact id: '576b8d90fcc8ab00a8d87b5fdd17ea08') in 0.011708 seconds
Number of updated asset objects reloaded before import = 0
Number of asset objects unloaded after import = 7
========================================================================
Received Import Request.
  Time since last request: 0.000017 seconds.
  path: Assets/Polygon-Lite Survival Collection/Models/SM_FIREWOOD.fbx
  artifactKey: Guid(5df2cd158efe7e046802b7942e599378) Importer(815301076,1909f56bfc062723c751e8b465ee728b)
Start importing Assets/Polygon-Lite Survival Collection/Models/SM_FIREWOOD.fbx using Guid(5df2cd158efe7e046802b7942e599378) Importer(815301076,1909f56bfc062723c751e8b465ee728b)  -> (artifact id: 'ded264dcc0190ebd25707566eb6409b7') in 0.012679 seconds
Number of updated asset objects reloaded before import = 0
Number of asset objects unloaded after import = 7
========================================================================
Received Import Request.
  Time since last request: 0.000043 seconds.
  path: Assets/Polygon-Lite Survival Collection/Models/SM_Pallet_01.fbx
  artifactKey: Guid(23812c7450364f348b94df111a8a6213) Importer(815301076,1909f56bfc062723c751e8b465ee728b)
Start importing Assets/Polygon-Lite Survival Collection/Models/SM_Pallet_01.fbx using Guid(23812c7450364f348b94df111a8a6213) Importer(815301076,1909f56bfc062723c751e8b465ee728b)  -> (artifact id: '1ea46f5ff3309ace3a726c8a5d9489d3') in 0.011740 seconds
Number of updated asset objects reloaded before import = 0
Number of asset objects unloaded after import = 7
========================================================================
Received Import Request.
  Time since last request: 0.000026 seconds.
  path: Assets/Polygon-Lite Survival Collection/Models/Pan.fbx
  artifactKey: Guid(437d238391a5cc14f8d1f9d229af4592) Importer(815301076,1909f56bfc062723c751e8b465ee728b)
Start importing Assets/Polygon-Lite Survival Collection/Models/Pan.fbx using Guid(437d238391a5cc14f8d1f9d229af4592) Importer(815301076,1909f56bfc062723c751e8b465ee728b)  -> (artifact id: 'fdce98353ec04b1c3ee44f295b45043f') in 0.012053 seconds
Number of updated asset objects reloaded before import = 0
Number of asset objects unloaded after import = 7
========================================================================
Received Import Request.
  Time since last request: 0.000017 seconds.
  path: Assets/Polygon-Lite Survival Collection/Models/SM_Scrap_Metal_01.fbx
  artifactKey: Guid(675f9e2a8ff33444cbc498895b039dd3) Importer(815301076,1909f56bfc062723c751e8b465ee728b)
Start importing Assets/Polygon-Lite Survival Collection/Models/SM_Scrap_Metal_01.fbx using Guid(675f9e2a8ff33444cbc498895b039dd3) Importer(815301076,1909f56bfc062723c751e8b465ee728b)  -> (artifact id: '364e609867e8fba7e328b152cb0106b5') in 0.015232 seconds
Number of updated asset objects reloaded before import = 0
Number of asset objects unloaded after import = 7
========================================================================
Received Import Request.
  Time since last request: 0.000015 seconds.
  path: Assets/Polygon-Lite Survival Collection/Models/Apple_01.fbx
  artifactKey: Guid(f0abf75740b4565418b9d7aa5cc19ca3) Importer(815301076,1909f56bfc062723c751e8b465ee728b)
Start importing Assets/Polygon-Lite Survival Collection/Models/Apple_01.fbx using Guid(f0abf75740b4565418b9d7aa5cc19ca3) Importer(815301076,1909f56bfc062723c751e8b465ee728b)  -> (artifact id: 'fcc0fdf5cc224bab14942cdd2cd75b3c') in 0.009838 seconds
Number of updated asset objects reloaded before import = 0
Number of asset objects unloaded after import = 7
========================================================================
Received Import Request.
  Time since last request: 30.967654 seconds.
  path: Assets/Burger.fbm/burgar_05_BaseColor.bun.jpg
  artifactKey: Guid(18f9989f63f4bee459946be8be767162) Importer(815301076,1909f56bfc062723c751e8b465ee728b)
Start importing Assets/Burger.fbm/burgar_05_BaseColor.bun.jpg using Guid(18f9989f63f4bee459946be8be767162) Importer(815301076,1909f56bfc062723c751e8b465ee728b)  -> (artifact id: 'f34822c305d665fde84bcd138ab3ea22') in 0.022348 seconds
Number of updated asset objects reloaded before import = 0
Number of asset objects unloaded after import = 2
========================================================================
Received Import Request.
  Time since last request: 0.000053 seconds.
  path: Assets/Burger.fbm/burgar_05_Normal.png
  artifactKey: Guid(fbec1603304982a4284b175fd43eead5) Importer(815301076,1909f56bfc062723c751e8b465ee728b)
Start importing Assets/Burger.fbm/burgar_05_Normal.png using Guid(fbec1603304982a4284b175fd43eead5) Importer(815301076,1909f56bfc062723c751e8b465ee728b)  -> (artifact id: 'efe96983a6603f17b7768fb148d132eb') in 0.023542 seconds
Number of updated asset objects reloaded before import = 0
Number of asset objects unloaded after import = 2
========================================================================
Received Import Request.
  Time since last request: 18.988764 seconds.
  path: Assets/Burger.fbm
  artifactKey: Guid(8d1cf73d8b2e6c346b31edb09e34a457) Importer(815301076,1909f56bfc062723c751e8b465ee728b)
Start importing Assets/Burger.fbm using Guid(8d1cf73d8b2e6c346b31edb09e34a457) Importer(815301076,1909f56bfc062723c751e8b465ee728b)  -> (artifact id: '94a1ad484b1e1d763ffeecae3100026a') in 0.000597 seconds
Number of updated asset objects reloaded before import = 0
Number of asset objects unloaded after import = 0
========================================================================
Received Prepare
Refreshing native plugins compatible for Editor in 5.42 ms, found 3 plugins.
Preloading 0 native plugins for Editor in 0.00 ms.
Unloading 0 Unused Serialized files (Serialized files now loaded: 0)
Unloading 0 unused Assets / (0 B). Loaded Objects now: 3607.
Memory consumption went from 114.1 MB to 114.1 MB.
Total: 3.150800 ms (FindLiveObjects: 0.215200 ms CreateObjectMapping: 0.088000 ms MarkObjects: 2.839000 ms  DeleteObjects: 0.007600 ms)

Prepare: number of updated asset objects reloaded= 0
AssetImportParameters requested are different than current active one (requested -> active):
  custom:container-demuxer-ogg: 62fdf1f143b41e24485cea50d1cbac27 -> 
  custom:video-decoder-ogg-theora: a1e56fd34408186e4bbccfd4996cb3dc -> 
  custom:framework-win-MediaFoundation: 216162199b28c13a410421893ffa2e32 -> 
  custom:CustomObjectIndexerAttribute: 756ad292c208cfabdd7b50bc23989ffe -> 
  custom:container-demuxer-webm: 4f35f7cbe854078d1ac9338744f61a02 -> 
  custom:container-muxer-webm: aa71ff27fc2769a1b78a27578f13a17b -> 
  custom:video-decoder-webm-vp8: 9c59270c3fd7afecdb556c50c9e8de78 -> 
  custom:SearchIndexIgnoredProperties: e643bd26f0fe6173181afceb89e7c659 -> 
  custom:AudioImporter_EditorPlatform: d09bf68614088b80899f8185d706f6e7 -> 
  custom:video-encoder-webm-vp8: eb34c28f22e8b96e1ab97ce403110664 -> 
  custom:audio-decoder-ogg-vorbis: bf7c407c2cedff20999df2af8eb42d56 -> 
  custom:audio-encoder-webm-vorbis: bf7c407c2cedff20999df2af8eb42d56 -> 
========================================================================
Received Import Request.
  Time since last request: 525.223456 seconds.
  path: Assets/burger.prefab
  artifactKey: Guid(8f411b5bc853cc541b140b7f7042aa62) Importer(815301076,1909f56bfc062723c751e8b465ee728b)
Start importing Assets/burger.prefab using Guid(8f411b5bc853cc541b140b7f7042aa62) Importer(815301076,1909f56bfc062723c751e8b465ee728b)  -> (artifact id: 'ddd0c6455071e3341a9328d0dc4273e7') in 0.020263 seconds
Number of updated asset objects reloaded before import = 0
Number of asset objects unloaded after import = 74
========================================================================
Received Import Request.
  Time since last request: 6.555896 seconds.
  path: Assets/apple.prefab
  artifactKey: Guid(c9d1ad64b79db854d9f7c888700778d4) Importer(815301076,1909f56bfc062723c751e8b465ee728b)
Start importing Assets/apple.prefab using Guid(c9d1ad64b79db854d9f7c888700778d4) Importer(815301076,1909f56bfc062723c751e8b465ee728b)  -> (artifact id: 'd919525e8accdd96a13b1d848bc035f7') in 0.010011 seconds
Number of updated asset objects reloaded before import = 0
Number of asset objects unloaded after import = 12
========================================================================
Received Import Request.
  Time since last request: 4.180231 seconds.
  path: Assets/fishing rod.prefab
  artifactKey: Guid(8c16885c1de6afe46982dfd990230311) Importer(815301076,1909f56bfc062723c751e8b465ee728b)
Start importing Assets/fishing rod.prefab using Guid(8c16885c1de6afe46982dfd990230311) Importer(815301076,1909f56bfc062723c751e8b465ee728b)  -> (artifact id: '5d9b166bb3256c5b633a17d5a3d9ecdb') in 0.012678 seconds
Number of updated asset objects reloaded before import = 0
Number of asset objects unloaded after import = 12
